process: Icon
Traceback (most recent call last):
  File "pre_process.py", line 214, in <module>
    process_lits()
  File "pre_process.py", line 160, in process_lits
    ct = read_dicom(ct_dir)
  File "pre_process.py", line 47, in read_dicom
    image = sitk.ReadImage(path)
  File "/home/yankai/anaconda3/lib/python3.6/site-packages/SimpleITK/SimpleITK.py", line 8614, in ReadImage
    return _SimpleITK.ReadImage(*args)
RuntimeError: Exception thrown in SimpleITK ReadImage: /opt/miniconda2/conda-bld/simpleitk_1521812412263/work/Code/IO/src/sitkImageReaderBase.cxx:97:
sitk::ERROR: Unable to determine ImageIO reader for "/mnt/data/dataset/LITS/Training/Icon"
process: segmentation-0.nii
/mnt/data/dataset/LITS/Training/segmentation-0.nii
/mnt/data/dataset/LITS/Training/segmentation-0.nii
process chazhi
write  volume-0.nii
write  segmentation-0.nii
segmentation-0.nii have 375 slice left
already use 0.463 min
-----------
process: segmentation-1.nii
/mnt/data/dataset/LITS/Training/segmentation-1.nii
/mnt/data/dataset/LITS/Training/segmentation-1.nii
process chazhi
write  volume-1.nii
write  segmentation-1.nii
segmentation-1.nii have 615 slice left
already use 0.714 min
-----------
process: segmentation-10.nii
/mnt/data/dataset/LITS/Training/segmentation-10.nii
/mnt/data/dataset/LITS/Training/segmentation-10.nii
process chazhi
write  volume-10.nii
write  segmentation-10.nii
segmentation-10.nii have 501 slice left
already use 1.110 min
-----------
process: segmentation-100.nii
/mnt/data/dataset/LITS/Training/segmentation-100.nii
/mnt/data/dataset/LITS/Training/segmentation-100.nii
process chazhi
write  volume-100.nii
write  segmentation-100.nii
segmentation-100.nii have 479 slice left
already use 1.166 min
-----------
process: segmentation-101.nii
/mnt/data/dataset/LITS/Training/segmentation-101.nii
/mnt/data/dataset/LITS/Training/segmentation-101.nii
process chazhi
Traceback (most recent call last):
  File "pre_process.py", line 215, in <module>
    process_lits()
  File "pre_process.py", line 178, in process_lits
    ct_array = ndimage.zoom(ct_array, (ct.GetSpacing()[-1] / slice_thickness, down_scale, down_scale), order=3)
  File "/home/yankai/anaconda3/lib/python3.6/site-packages/scipy/ndimage/interpolation.py", line 595, in zoom
    _nd_image.zoom_shift(filtered, zoom, None, output, order, mode, cval)
KeyboardInterrupt
